app/build/outputs/mapping/release/seeds.txt
ac.mohammad.com.electricityconsumption.GraphActivity
ac.mohammad.com.electricityconsumption.InfoListActivity2
ac.mohammad.com.electricityconsumption.MainActivity
ac.mohammad.com.electricityconsumption.elec_info: android.os.Parcelable$Creator CREATOR
ac.mohammad.com.electricityconsumption.elec_info: elec_info()
ac.mohammad.com.electricityconsumption.MainActivity: MainActivity()
ac.mohammad.com.electricityconsumption.MainActivity: void onHistoryClicked(android.view.View)
ac.mohammad.com.electricityconsumption.InfoListActivity2: void onLocationClick(android.view.View)
ac.mohammad.com.electricityconsumption.MainActivity: void onSaveClicked(android.view.View)
ac.mohammad.com.electricityconsumption.SortType: ac.mohammad.com.electricityconsumption.SortType valueOf(java.lang.String)
ac.mohammad.com.electricityconsumption.MainActivity: void onCalculateClicked(android.view.View)
ac.mohammad.com.electricityconsumption.InfoListActivity2: InfoListActivity2()
ac.mohammad.com.electricityconsumption.SortType: ac.mohammad.com.electricityconsumption.SortType[] values()
ac.mohammad.com.electricityconsumption.MainActivity: void onNextDateClicked(android.view.View)
ac.mohammad.com.electricityconsumption.MainActivity: void onMoveUpClicked(android.view.View)
ac.mohammad.com.electricityconsumption.MainActivity: void onPrevDateClicked(android.view.View)
ac.mohammad.com.electricityconsumption.GraphActivity: GraphActivity()
...
com.google.android.gms.internal.measurement.zzfj: int zzd
com.google.android.gms.internal.measurement.zzfz: com.google.android.gms.internal.measurement.zzfn zzg
com.google.android.gms.internal.measurement.zzft: com.google.android.gms.internal.measurement.zzkm zze
com.google.android.gms.internal.measurement.zzgd: java.lang.String zzaf
com.google.android.gms.internal.measurement.zzkf: com.google.android.gms.internal.measurement.zzmp zzc
com.google.android.gms.dynamite.descriptors.com.google.android.gms.measurement.dynamite.ModuleDescriptor: int MODULE_VERSION
com.google.android.gms.internal.measurement.zzgd: com.google.android.gms.internal.measurement.zzfz zzac
com.google.android.gms.measurement.internal.zzkw: android.os.Parcelable$Creator CREATOR
com.google.android.gms.internal.measurement.zzgd: java.lang.String zzaa
com.google.android.gms.internal.measurement.zzft: com.google.android.gms.internal.measurement.zzft zza
com.google.android.gms.measurement.AppMeasurement$ConditionalUserProperty: java.lang.String mName
com.google.android.gms.internal.measurement.zzff: com.google.android.gms.internal.measurement.zzkm zzh
com.google.android.gms.internal.measurement.zzgd: long zzM
com.google.android.gms.internal.measurement.zzfn: java.lang.String zzh
com.google.android.gms.internal.measurement.zzgi: com.google.android.gms.internal.measurement.zzkl zze
com.google.android.gms.internal.measurement.zzfn: java.lang.String zzf
com.google.android.gms.internal.measurement.zzfx: com.google.android.gms.internal.measurement.zzfx zza
com.google.android.gms.internal.measurement.zzft: java.lang.String zzf
com.google.android.gms.internal.measurement.zzgd: java.lang.String zzu
com.google.android.gms.internal.measurement.zzgd: java.lang.String zzt
com.google.android.gms.internal.measurement.zzfd: com.google.android.gms.internal.measurement.zzfd zza
com.google.android.gms.internal.measurement.zzgg: int zzd
com.google.android.gms.internal.measurement.zzgd: boolean zzz
com.google.android.gms.internal.measurement.zzgm: int zzd
com.google.android.gms.internal.measurement.zzff: java.lang.String zzf
com.google.android.gms.measurement.AppMeasurement$ConditionalUserProperty: java.lang.String mTimedOutEventName
com.google.android.gms.internal.measurement.zzfh: com.google.android.gms.internal.measurement.zzfh zza
com.google.android.gms.measurement.internal.zzac: android.os.Parcelable$Creator CREATOR
com.google.android.gms.internal.measurement.zzfb: com.google.android.gms.internal.measurement.zzfb zza
com.google.android.gms.internal.measurement.zzgk: int zzd
com.google.android.gms.internal.measurement.zzgk: int zze
com.google.android.gms.internal.measurement.zzfd: boolean zzg
com.google.android.gms.internal.measurement.zzfj: java.lang.String zzf
com.google.android.gms.internal.measurement.zzet: int zzd
com.google.android.gms.internal.measurement.zzfx: java.lang.String zzf
com.google.android.gms.internal.measurement.zzfd: int zzd
com.google.android.gms.common.internal.zzj: android.os.Parcelable$Creator CREATOR
com.google.android.gms.measurement.AppMeasurement$ConditionalUserProperty: java.lang.Object mValue
com.google.android.gms.internal.measurement.zzio: int zzb
com.google.android.gms.internal.measurement.zzgd: java.lang.String zzr
com.google.android.gms.internal.measurement.zzgd: long zzB
android.support.v4.media.session.PlaybackStateCompat$CustomAction: android.os.Parcelable$Creator CREATOR
com.google.android.gms.internal.measurement.zzgd: java.lang.String zzE
com.google.android.gms.internal.measurement.zzgd: java.lang.String zzo
com.google.android.gms.internal.measurement.zzfx: double zzi
com.google.android.gms.internal.measurement.zzgm: float zzi
com.google.android.gms.internal.measurement.zzfd: int zzh
com.google.android.gms.internal.measurement.zzem: boolean zzg
android.support.v4.media.RatingCompat: android.os.Parcelable$Creator CREATOR
com.google.android.gms.internal.measurement.zzfp: int zze