app/build/outputs/mapping/release/mapping.txt
# compiler: R8
# compiler_version: 3.3.70
# min_api: 24
# common_typos_disable
# {"id":"com.android.tools.r8.mapping","version":"2.0"}
# pg_map_id: 4e91bbb
# pg_map_hash: SHA-256 4e91bbbcb93a498cc2fca1a7978e5400460e341bb0422de06f1df34d7bdfb300
ac.mohammad.com.electricityconsumption.GraphActivity -> ac.mohammad.com.electricityconsumption.GraphActivity:
    28:28:void <init>() -> <init>
    42:121:void initGraph() -> initGraph
    32:37:void onCreate(android.os.Bundle) -> onCreate
    125:127:java.util.Date timestamp2date(long) -> timestamp2date
ac.mohammad.com.electricityconsumption.GraphActivity$1 -> ac.mohammad.com.electricityconsumption.GraphActivity$1:
    92:92:void <init>(ac.mohammad.com.electricityconsumption.GraphActivity) -> <init>
    95:98:void onTap(com.jjoe64.graphview.series.Series,com.jjoe64.graphview.series.DataPointInterface) -> onTap
ac.mohammad.com.electricityconsumption.GraphActivity$2 -> ac.mohammad.com.electricityconsumption.GraphActivity$2:
    101:101:void <init>(ac.mohammad.com.electricityconsumption.GraphActivity) -> <init>
    104:107:void onTap(com.jjoe64.graphview.series.Series,com.jjoe64.graphview.series.DataPointInterface) -> onTap
ac.mohammad.com.electricityconsumption.InfoListActivity2 -> ac.mohammad.com.electricityconsumption.InfoListActivity2:
    34:37:void <init>() -> <init>
    50:64:void onActivityResult(int,int,android.content.Intent) -> onActivityResult
    87:130:boolean onContextItemSelected(android.view.MenuItem) -> onContextItemSelected
    139:148:void onCreate(android.os.Bundle) -> onCreate
    41:43:void onCreateContextMenu(android.view.ContextMenu,android.view.View,android.view.ContextMenu$ContextMenuInfo) -> onCreateContextMenu
    176:186:void onLocationClick(android.view.View) -> onLocationClick
ac.mohammad.com.electricityconsumption.MainActivity -> ac.mohammad.com.electricityconsumption.MainActivity:
    47:652:void <init>() -> <init>
    47:47:void access$000(ac.mohammad.com.electricityconsumption.MainActivity,java.lang.String) -> access$000
    47:47:java.lang.String access$102(ac.mohammad.com.electricityconsumption.MainActivity,java.lang.String) -> access$102
    682:716:void exportDB() -> exportDB
    644:646:java.lang.String getFileNameWithoutExtension(java.lang.String,java.lang.String,java.lang.String) -> getFileNameWithoutExtension
    635:638:java.lang.String getTime() -> getTime
    58:58:long getUnitsPerPeriod(long,double) -> getUnitsPerPeriod
    656:673:void importDB(java.lang.String) -> importDB
    609:629:void importDbFromFile() -> importDbFromFile
    208:236:void init() -> init
    352:372:void loadSettings() -> loadSettings
    412:428:void onActivityResult(int,int,android.content.Intent) -> onActivityResult
    315:347:void onCalculateClicked(android.view.View) -> onCalculateClicked
    183:202:void onCreate(android.os.Bundle) -> onCreate
    155:156:boolean onCreateOptionsMenu(android.view.Menu) -> onCreateOptionsMenu
    437:451:void onHistoryClicked(android.view.View) -> onHistoryClicked
    534:536:void onMoveUpClicked(android.view.View) -> onMoveUpClicked
    541:543:void onNextDateClicked(android.view.View) -> onNextDateClicked
    163:177:boolean onOptionsItemSelected(android.view.MenuItem) -> onOptionsItemSelected
ac.mohammad.com.electricityconsumption.MainActivity$1 -> ac.mohammad.com.electricityconsumption.MainActivity$1:
    445:445:void <init>(ac.mohammad.com.electricityconsumption.MainActivity) -> <init>
ac.mohammad.com.electricityconsumption.MainActivity$2 -> ac.mohammad.com.electricityconsumption.MainActivity$2:
    464:464:void <init>(ac.mohammad.com.electricityconsumption.MainActivity) -> <init>
ac.mohammad.com.electricityconsumption.MainActivity$3 -> ac.mohammad.com.electricityconsumption.MainActivity$3:
    581:581:void <init>(ac.mohammad.com.electricityconsumption.MainActivity) -> <init>
    588:591:void onDateSet(android.widget.DatePicker,int,int,int) -> onDateSet
ac.mohammad.com.electricityconsumption.MainActivity$4 -> ac.mohammad.com.electricityconsumption.MainActivity$4:
    619:619:void <init>(ac.mohammad.com.electricityconsumption.MainActivity) -> <init>
    622:624:void onChoosePath(java.lang.String,java.io.File) -> onChoosePath
...
com.google.android.gms.measurement.internal.zzr -> com.google.android.gms.measurement.internal.zzr:
# {"id":"sourceFile","fileName":"com.google.android.gms:play-services-measurement-impl@@21.2.0"}
    1:31:java.lang.Object createFromParcel(android.os.Parcel) -> createFromParcel
    1:1:java.lang.Object[] newArray(int) -> newArray
com.google.android.gms.measurement.internal.zzs -> com.google.android.gms.measurement.internal.zzs:
# {"id":"sourceFile","fileName":"com.google.android.gms:play-services-measurement-impl@@21.2.0"}
    1:13:void zza(java.lang.String,android.os.Bundle) -> zza
    1:27:void zzb() -> zzb
    1:2:void zzc() -> zzc
    1:1:boolean zzd() -> zzd
    1:5:boolean zze() -> zze
com.google.android.gms.measurement.internal.zzt -> com.google.android.gms.measurement.internal.zzt:
# {"id":"sourceFile","fileName":"com.google.android.gms:play-services-measurement@@21.2.0"}
com.google.android.gms.measurement.internal.zzu -> com.google.android.gms.measurement.internal.zzu:
# {"id":"sourceFile","fileName":"com.google.android.gms:play-services-measurement@@21.2.0"}
    1:4:void <init>(com.google.android.gms.measurement.internal.zzaa,java.lang.String,com.google.android.gms.measurement.internal.zzt) -> <init>
    5:9:void <init>(com.google.android.gms.measurement.internal.zzaa,java.lang.String,com.google.android.gms.internal.measurement.zzgi,java.util.BitSet,java.util.BitSet,java.util.Map,java.util.Map,com.google.android.gms.measurement.internal.zzt) -> <init>
    1:27:com.google.android.gms.internal.measurement.zzfp zza(int) -> zza
    1:24:void zzc(com.google.android.gms.measurement.internal.zzy) -> zzc
com.google.android.gms.measurement.internal.zzv -> com.google.android.gms.measurement.internal.zzv:
# {"id":"sourceFile","fileName":"com.google.android.gms:play-services-measurement@@21.2.0"}
com.google.android.gms.measurement.internal.zzw -> com.google.android.gms.measurement.internal.zzw:
# {"id":"sourceFile","fileName":"com.google.android.gms:play-services-measurement@@21.2.0"}
    1:66:com.google.android.gms.internal.measurement.zzft zza(java.lang.String,com.google.android.gms.internal.measurement.zzft) -> zza
com.google.android.gms.measurement.internal.zzx -> com.google.android.gms.measurement.internal.zzx:
# {"id":"sourceFile","fileName":"com.google.android.gms:play-services-measurement@@21.2.0"}
    1:1:void <init>(com.google.android.gms.measurement.internal.zzaa,java.lang.String,int,com.google.android.gms.internal.measurement.zzek) -> <init>
    1:1:int zza() -> zza
    1:1:boolean zzb() -> zzb
    1:142:boolean zzd(java.lang.Long,java.lang.Long,com.google.android.gms.internal.measurement.zzft,long,com.google.android.gms.measurement.internal.zzas,boolean) -> zzd
com.google.android.gms.measurement.internal.zzy -> com.google.android.gms.measurement.internal.zzy:
# {"id":"sourceFile","fileName":"com.google.android.gms:play-services-measurement@@21.2.0"}
    1:9:java.lang.Boolean zzd(java.lang.String,int,boolean,java.lang.String,java.util.List,java.lang.String,com.google.android.gms.measurement.internal.zzeh) -> zzd
    1:22:java.lang.Boolean zze(java.math.BigDecimal,com.google.android.gms.internal.measurement.zzer,double) -> zze
    1:16:java.lang.Boolean zzf(java.lang.String,com.google.android.gms.internal.measurement.zzey,com.google.android.gms.measurement.internal.zzeh) -> zzf
    1:1:java.lang.Boolean zzg(double,com.google.android.gms.internal.measurement.zzer) -> zzg
    1:1:java.lang.Boolean zzh(long,com.google.android.gms.internal.measurement.zzer) -> zzh
    1:2:java.lang.Boolean zzi(java.lang.String,com.google.android.gms.internal.measurement.zzer) -> zzi
    1:1:java.lang.Boolean zzj(java.lang.Boolean,boolean) -> zzj