app/build/outputs/mapping/release/usage.txt
ac.mohammad.com.electricityconsumption.BuildConfig
ac.mohammad.com.electricityconsumption.MainActivity$PriceModelDateComparator
ac.mohammad.com.electricityconsumption.MainActivity:
    static long get2016Jan1inMSec()
ac.mohammad.com.electricityconsumption.R$anim
ac.mohammad.com.electricityconsumption.R$array
ac.mohammad.com.electricityconsumption.R$attr
ac.mohammad.com.electricityconsumption.R$bool
ac.mohammad.com.electricityconsumption.R$color
ac.mohammad.com.electricityconsumption.R$dimen
ac.mohammad.com.electricityconsumption.R$drawable
ac.mohammad.com.electricityconsumption.R$id
ac.mohammad.com.electricityconsumption.R$integer
ac.mohammad.com.electricityconsumption.R$layout
ac.mohammad.com.electricityconsumption.R$menu
ac.mohammad.com.electricityconsumption.R$mipmap
ac.mohammad.com.electricityconsumption.R$raw
ac.mohammad.com.electricityconsumption.R$string
ac.mohammad.com.electricityconsumption.R$style
ac.mohammad.com.electricityconsumption.R$styleable
ac.mohammad.com.electricityconsumption.R
ac.mohammad.com.electricityconsumption.Util:
    public void <init>()
ac.mohammad.com.electricityconsumption.databaseHandler:
    public static final java.lang.String DATABASE_NAME
    private static final int DATABASE_VERSION
    private static final java.lang.String KEY_ID
    public static final java.lang.String TABLE_Units
ac.mohammad.com.electricityconsumption.elec_info:
    public static java.util.Date stringToDate(java.lang.String,java.lang.String)
...
androidx.fragment.app.FragmentTabHost$TabInfo
androidx.fragment.app.FragmentTabHost
androidx.fragment.app.FragmentTransaction:
    public static final int TRANSIT_ENTER_MASK
    public static final int TRANSIT_EXIT_MASK
    public static final int TRANSIT_FRAGMENT_CLOSE
    public static final int TRANSIT_FRAGMENT_FADE
    public static final int TRANSIT_FRAGMENT_OPEN
    public static final int TRANSIT_NONE
    public static final int TRANSIT_UNSET
    public abstract androidx.fragment.app.FragmentTransaction add(int,androidx.fragment.app.Fragment)
    public abstract androidx.fragment.app.FragmentTransaction add(int,androidx.fragment.app.Fragment,java.lang.String)
    public abstract androidx.fragment.app.FragmentTransaction addSharedElement(android.view.View,java.lang.String)
    public abstract androidx.fragment.app.FragmentTransaction addToBackStack(java.lang.String)
    public abstract androidx.fragment.app.FragmentTransaction attach(androidx.fragment.app.Fragment)
    public abstract void commitNow()
    public abstract void commitNowAllowingStateLoss()
    public abstract androidx.fragment.app.FragmentTransaction detach(androidx.fragment.app.Fragment)
    public abstract androidx.fragment.app.FragmentTransaction disallowAddToBackStack()
    public abstract androidx.fragment.app.FragmentTransaction hide(androidx.fragment.app.Fragment)
    public abstract boolean isAddToBackStackAllowed()
    public abstract boolean isEmpty()
    public abstract androidx.fragment.app.FragmentTransaction replace(int,androidx.fragment.app.Fragment)
androidx.fragment.app.FragmentTransition:
    private void <init>()
    static boolean supportsTransition()
androidx.fragment.app.ListFragment$1
androidx.fragment.app.ListFragment$2
androidx.fragment.app.ListFragment
androidx.interpolator.R
androidx.legacy.app.ActionBarDrawerToggle$Delegate
androidx.legacy.app.ActionBarDrawerToggle$DelegateProvider
androidx.legacy.app.ActionBarDrawerToggle$SetIndicatorInfo
androidx.legacy.app.ActionBarDrawerToggle$SlideDrawable
androidx.legacy.app.ActionBarDrawerToggle
androidx.legacy.content.WakefulBroadcastReceiver:
    private static final java.lang.String EXTRA_WAKE_LOCK_ID
androidx.legacy.coreui.R$attr
androidx.legacy.coreui.R$color
androidx.legacy.coreui.R$dimen
androidx.legacy.coreui.R$drawable
androidx.legacy.coreui.R$id
androidx.legacy.coreui.R$integer
androidx.legacy.coreui.R$layout
androidx.legacy.coreui.R$string
androidx.legacy.coreui.R$style
androidx.legacy.coreui.R$styleable
androidx.legacy.coreui.R
androidx.legacy.coreutils.R$attr
androidx.legacy.coreutils.R$color
androidx.legacy.coreutils.R$dimen
androidx.legacy.coreutils.R$drawable
androidx.legacy.coreutils.R$id
androidx.legacy.coreutils.R$integer
androidx.legacy.coreutils.R$layout
androidx.legacy.coreutils.R$string
androidx.legacy.coreutils.R$style
androidx.legacy.coreutils.R$styleable
androidx.legacy.coreutils.R
androidx.legacy.v4.R$attr
androidx.legacy.v4.R$color
androidx.legacy.v4.R$dimen
androidx.legacy.v4.R$drawable
androidx.legacy.v4.R$id
androidx.legacy.v4.R$integer
androidx.legacy.v4.R$layout
androidx.legacy.v4.R$string
androidx.legacy.v4.R$style
androidx.legacy.v4.R$styleable
androidx.legacy.v4.R
androidx.legacy.widget.Space
androidx.lifecycle.AndroidViewModel
androidx.lifecycle.ClassesInfoCache:
    private static final int CALL_TYPE_NO_ARG
    private static final int CALL_TYPE_PROVIDER
    private static final int CALL_TYPE_PROVIDER_WITH_EVENT
androidx.lifecycle.ComputableLiveData$1
androidx.lifecycle.ComputableLiveData$2
androidx.lifecycle.ComputableLiveData$3
androidx.lifecycle.ComputableLiveData
androidx.lifecycle.LifecycleRegistry:
    private static final java.lang.String LOG_TAG
    public int getObserverCount()
androidx.lifecycle.Lifecycling:
    private static final int GENERATED_CALLBACK
    private static final int REFLECTIVE_CALLBACK
    private void <init>()
androidx.lifecycle.LiveData$AlwaysActiveObserver